Archive Project report for skeleton
Sun Mar 29 12:36:18 2015
Quartus II 64-Bit Version 14.1.0 Build 186 12/03/2014 SJ Web Edition


---------------------
; Table of Contents ;
---------------------
  1. Legal Notice
  2. Archive Project Summary
  3. Archive Project Messages
  4. Files Archived



----------------
; Legal Notice ;
----------------
Copyright (C) 1991-2014 Altera Corporation. All rights reserved.
Your use of Altera Corporation's design tools, logic functions 
and other software and tools, and its AMPP partner logic 
functions, and any output files from any of the foregoing 
(including device programming or simulation files), and any 
associated documentation or information are expressly subject 
to the terms and conditions of the Altera Program License 
Subscription Agreement, the Altera Quartus II License Agreement,
the Altera MegaCore Function License Agreement, or other 
applicable license agreement, including, without limitation, 
that your use is for the sole purpose of programming logic 
devices manufactured by Altera and sold by Altera or its 
authorized distributors.  Please refer to the applicable 
agreement for further details.



+----------------------------------------------------------------+
; Archive Project Summary                                        ;
+------------------------+---------------------------------------+
; Archive Project Status ; Successful - Sun Mar 29 12:36:18 2015 ;
; Revision Name          ; skeleton                              ;
; Top-level Entity Name  ; skeleton                              ;
; Family                 ; Cyclone IV E                          ;
+------------------------+---------------------------------------+


+--------------------------+
; Archive Project Messages ;
+--------------------------+
Info: Archive will store files relative to the closest common parent directory
Info (13213): Using common directory C:/Users/Jianan Li/Documents/Altera Projects/HW5_Submit/
Info: ----------------------------------------------------------
Info: ----------------------------------------------------------
Info: Generated archive 'C:/Users/Jianan Li/Documents/Altera Projects/HW5_Submit/skeleton.qar'
Info: ----------------------------------------------------------
Info: ----------------------------------------------------------
Info: Generated report 'skeleton.archive.rpt'
Info (23030): Evaluation of Tcl script c:/altera/14.1/quartus/common/tcl/apps/qpm/qar.tcl was successful
Info: Quartus II 64-Bit Shell was successful. 0 errors, 0 warnings
    Info: Peak virtual memory: 495 megabytes
    Info: Processing ended: Sun Mar 29 12:36:18 2015
    Info: Elapsed time: 00:00:01
    Info: Total CPU time (on all processors): 00:00:01


+----------------------------------+
; Files Archived                   ;
+----------------------------------+
; File Name                        ;
+----------------------------------+
; Altera_UP_PS2_Command_Out.v      ;
; Altera_UP_PS2_Data_In.v          ;
; assignment_defaults.qdf          ;
; db/skeleton.sim.cvwf             ;
; dmem.cmp                         ;
; dmem.mif                         ;
; dmem.qip                         ;
; dmem.v                           ;
; dmem_inst.v                      ;
; Hexadecimal_To_Seven_Segment.v   ;
; imem.cmp                         ;
; imem.mif                         ;
; imem.qip                         ;
; imem.v                           ;
; imem_inst.v                      ;
; lcd.sv                           ;
; pll.bsf                          ;
; pll.cmp                          ;
; pll.ppf                          ;
; pll.qip                          ;
; pll.v                            ;
; processor.v                      ;
; PS2_Controller.v                 ;
; PS2_Interface.v                  ;
; SimpleClockTest.vwf              ;
; skeleton.qpf                     ;
; skeleton.qsf                     ;
; skeleton.v                       ;
; skeleton_assignment_defaults.qdf ;
+----------------------------------+


