Flow report for skeleton
Sun Apr 19 22:39:31 2015
Quartus II Version 9.1 Build 350 03/24/2010 Service Pack 2 SJ Web Edition


---------------------
; Table of Contents ;
---------------------
  1. Legal Notice
  2. Flow Summary
  3. Flow Settings
  4. Flow Non-Default Global Settings
  5. Flow Elapsed Time
  6. Flow OS Summary
  7. Flow Log



----------------
; Legal Notice ;
----------------
Copyright (C) 1991-2010 Altera Corporation
Your use of Altera Corporation's design tools, logic functions 
and other software and tools, and its AMPP partner logic 
functions, and any output files from any of the foregoing 
(including device programming or simulation files), and any 
associated documentation or information are expressly subject 
to the terms and conditions of the Altera Program License 
Subscription Agreement, Altera MegaCore Function License 
Agreement, or other applicable license agreement, including, 
without limitation, that your use is for the sole purpose of 
programming logic devices manufactured by Altera and sold by 
Altera or its authorized distributors.  Please refer to the 
applicable agreement for further details.



+-----------------------------------------------------------------------------------+
; Flow Summary                                                                      ;
+------------------------------------+----------------------------------------------+
; Flow Status                        ; Successful - Sun Apr 19 22:39:31 2015        ;
; Quartus II Version                 ; 9.1 Build 350 03/24/2010 SP 2 SJ Web Edition ;
; Revision Name                      ; skeleton                                     ;
; Top-level Entity Name              ; skeleton                                     ;
; Family                             ; Cyclone II                                   ;
; Met timing requirements            ; Yes                                          ;
; Total logic elements               ; 4,799 / 33,216 ( 14 % )                      ;
;     Total combinational functions  ; 4,739 / 33,216 ( 14 % )                      ;
;     Dedicated logic registers      ; 1,809 / 33,216 ( 5 % )                       ;
; Total registers                    ; 1809                                         ;
; Total pins                         ; 245 / 322 ( 76 % )                           ;
; Total virtual pins                 ; 0                                            ;
; Total memory bits                  ; 262,144 / 483,840 ( 54 % )                   ;
; Embedded Multiplier 9-bit elements ; 0 / 70 ( 0 % )                               ;
; Total PLLs                         ; 0 / 4 ( 0 % )                                ;
; Device                             ; EP2C35F484C6                                 ;
; Timing Models                      ; Final                                        ;
+------------------------------------+----------------------------------------------+


+-----------------------------------------+
; Flow Settings                           ;
+-------------------+---------------------+
; Option            ; Setting             ;
+-------------------+---------------------+
; Start date & time ; 04/19/2015 22:38:19 ;
; Main task         ; Compilation         ;
; Revision Name     ; skeleton            ;
+-------------------+---------------------+


+-----------------------------------------------------------------------------------------------------+
; Flow Non-Default Global Settings                                                                    ;
+------------------------+---------------------------------+---------------+-------------+------------+
; Assignment Name        ; Value                           ; Default Value ; Entity Name ; Section Id ;
+------------------------+---------------------------------+---------------+-------------+------------+
; COMPILER_SIGNATURE_ID  ; 207371629900818.142949749808120 ; --            ; --          ; --         ;
; IP_TOOL_NAME           ; ALTPLL                          ; --            ; --          ; --         ;
; IP_TOOL_NAME           ; ROM: 1-PORT                     ; --            ; --          ; --         ;
; IP_TOOL_NAME           ; RAM: 1-PORT                     ; --            ; --          ; --         ;
; IP_TOOL_VERSION        ; 9.1                             ; --            ; --          ; --         ;
; IP_TOOL_VERSION        ; 9.1                             ; --            ; --          ; --         ;
; IP_TOOL_VERSION        ; 9.1                             ; --            ; --          ; --         ;
; MISC_FILE              ; pll.bsf                         ; --            ; --          ; --         ;
; MISC_FILE              ; pll.cmp                         ; --            ; --          ; --         ;
; MISC_FILE              ; pll.ppf                         ; --            ; --          ; --         ;
; MISC_FILE              ; imem_inst.v                     ; --            ; --          ; --         ;
; MISC_FILE              ; imem.cmp                        ; --            ; --          ; --         ;
; MISC_FILE              ; dmem_inst.v                     ; --            ; --          ; --         ;
; MISC_FILE              ; dmem.cmp                        ; --            ; --          ; --         ;
; PARTITION_COLOR        ; 16764057                        ; --            ; --          ; Top        ;
; PARTITION_NETLIST_TYPE ; SOURCE                          ; --            ; --          ; Top        ;
+------------------------+---------------------------------+---------------+-------------+------------+


+-----------------------------------------------------------------------------------------------------------------------------+
; Flow Elapsed Time                                                                                                           ;
+-------------------------+--------------+-------------------------+---------------------+------------------------------------+
; Module Name             ; Elapsed Time ; Average Processors Used ; Peak Virtual Memory ; Total CPU Time (on all processors) ;
+-------------------------+--------------+-------------------------+---------------------+------------------------------------+
; Analysis & Synthesis    ; 00:00:42     ; 1.0                     ; 286 MB              ; 00:00:43                           ;
; Fitter                  ; 00:00:21     ; 1.0                     ; 317 MB              ; 00:00:22                           ;
; Assembler               ; 00:00:02     ; 1.0                     ; 264 MB              ; 00:00:02                           ;
; Classic Timing Analyzer ; 00:00:01     ; 1.0                     ; 211 MB              ; 00:00:02                           ;
; Total                   ; 00:01:06     ; --                      ; --                  ; 00:01:09                           ;
+-------------------------+--------------+-------------------------+---------------------+------------------------------------+


+------------------------------------------------------------------------------------------+
; Flow OS Summary                                                                          ;
+-------------------------+------------------+---------------+------------+----------------+
; Module Name             ; Machine Hostname ; OS Name       ; OS Version ; Processor type ;
+-------------------------+------------------+---------------+------------+----------------+
; Analysis & Synthesis    ; Jianan           ; Windows Vista ; 6.2        ; x86_64         ;
; Fitter                  ; Jianan           ; Windows Vista ; 6.2        ; x86_64         ;
; Assembler               ; Jianan           ; Windows Vista ; 6.2        ; x86_64         ;
; Classic Timing Analyzer ; Jianan           ; Windows Vista ; 6.2        ; x86_64         ;
+-------------------------+------------------+---------------+------------+----------------+


------------
; Flow Log ;
------------
quartus_map --read_settings_files=on --write_settings_files=off skeleton -c skeleton
quartus_fit --read_settings_files=off --write_settings_files=off skeleton -c skeleton
quartus_asm --read_settings_files=off --write_settings_files=off skeleton -c skeleton
quartus_tan --read_settings_files=off --write_settings_files=off skeleton -c skeleton --timing_analysis_only



